{
  "stats": {
    "suites": 1,
    "tests": 1,
    "passes": 1,
    "pending": 0,
    "failures": 0,
    "start": "2020-09-22T07:04:19.176Z",
    "end": "2020-09-22T07:04:32.211Z",
    "duration": 13035,
    "testsRegistered": 1,
    "passPercent": 100,
    "pendingPercent": 0,
    "other": 0,
    "hasOther": false,
    "skipped": 0,
    "hasSkipped": false
  },
  "results": [
    {
      "uuid": "ff75cbc0-9b7b-43b1-a55b-ee03d80542a9",
      "title": "",
      "fullFile": "cypress/integration/D_17_Footer_Social_Icons.js",
      "file": "cypress/integration/D_17_Footer_Social_Icons.js",
      "beforeHooks": [],
      "afterHooks": [],
      "tests": [],
      "suites": [
        {
          "uuid": "253a6b9f-0fd4-46a7-8179-7c4533cca053",
          "title": "MOMCOM_D_17_Footer_Social_Icons",
          "fullFile": "",
          "file": "",
          "beforeHooks": [],
          "afterHooks": [],
          "tests": [
            {
              "title": "Verify All social icon is able to acess to the site properly",
              "fullTitle": "MOMCOM_D_17_Footer_Social_Icons Verify All social icon is able to acess to the site properly",
              "timedOut": null,
              "duration": 12953,
              "state": "passed",
              "speed": "slow",
              "pass": true,
              "fail": false,
              "pending": false,
              "context": null,
              "code": "var XPATH_FOOTER_FB = '//a[@aria-label=\"Facebook\"]';\nvar XPATH_FOOTER_TWITTER = '//a[@aria-label=\"Twitter\"]';\nvar XPATH_FOOTER_PINTEREST = '//a[@aria-label=\"Pinterest\"]';\nvar XPATH_FOOTER_IG = '//a[@aria-label=\"Instagram\"]';\nvar XPATH_FOOTER_YOUTUBE = '//a[@aria-label=\"Youtube\"]';\nvar LINKS_ARRAY = [XPATH_FOOTER_FB, XPATH_FOOTER_TWITTER, XPATH_FOOTER_PINTEREST, XPATH_FOOTER_IG, XPATH_FOOTER_YOUTUBE];\nvar TEXT_ARRAY = ['Facebook', 'Twitter', 'Pinterest', 'Instragram', 'Youtube'];\nvar URL_ARRAY = ['https://www.facebook.com/momdotcomofficial', 'https://twitter.com/Momdotcom', 'https://www.pinterest.com/momdotcomofficial/', 'https://www.instagram.com/momdotcom/', 'https://www.youtube.com/channel/UC030WRHQCV3ZG5GZdjUCRbw'];\ncy.log('-Scroll down to a footer section and check all links');\ncy.xpath(XPATH_FOOTER_FB).scrollIntoView();\ncy.log('wait for email subscription modal loading');\ncy.get('div', {\n  timeout: 7000\n}).then(function ($div) {\n  // If there is email subscription modal, it should be closed. We do not need to verify it.\n  if ($div.hasClass('pf-widget-content')) {\n    cy.xpath('//button[@value=\"Cancel\"]').click({\n      force: true\n    });\n  }\n}); // Loop for step #2 to #6\nvar _loop = function _loop(i) {\n  cy.log('#' + (i + 1) + ' Verify ' + TEXT_ARRAY[i] + ' icon link');\n  cy.xpath(LINKS_ARRAY[i]).invoke('attr', 'href').then(function (hrefValue) {\n    cy.log('-Verify URL is correct as expected');\n    cy.wrap(hrefValue).should('eq', URL_ARRAY[i]);\n    cy.log('-Verify open new tab by *target=_blank* checking');\n    cy.xpath(LINKS_ARRAY[i]).should('have.attr', 'target', '_blank');\n    cy.log('-Verify request URL successfully');\n    cy.request(hrefValue);\n    cy.log('---------------------------------------------------');\n  });\n};\nfor (var i = 0; i < LINKS_ARRAY.length; i++) {\n  _loop(i);\n}",
              "err": {},
              "uuid": "fad7628e-891b-4c94-9f98-d4f50a04c3a9",
              "parentUUID": "253a6b9f-0fd4-46a7-8179-7c4533cca053",
              "isHook": false,
              "skipped": false
            }
          ],
          "suites": [],
          "passes": [
            "fad7628e-891b-4c94-9f98-d4f50a04c3a9"
          ],
          "failures": [],
          "pending": [],
          "skipped": [],
          "duration": 12953,
          "root": false,
          "rootEmpty": false,
          "_timeout": 2000
        }
      ],
      "passes": [],
      "failures": [],
      "pending": [],
      "skipped": [],
      "duration": 0,
      "root": true,
      "rootEmpty": true,
      "_timeout": 2000
    }
  ],
  "meta": {
    "mocha": {
      "version": "7.0.1"
    },
    "mochawesome": {
      "options": {
        "quiet": false,
        "reportFilename": "mochawesome",
        "saveHtml": false,
        "saveJson": true,
        "consoleReporter": "spec",
        "useInlineDiffs": false
      },
      "version": "4.1.0"
    },
    "marge": {
      "options": {
        "reportDir": "cypress/reports/mochawesome-report",
        "overwrite": false,
        "html": false,
        "json": true,
        "timestamp": "mmddyyyy_HHMMss"
      },
      "version": "4.1.0"
    }
  }
}