{
  "stats": {
    "suites": 1,
    "tests": 1,
    "passes": 1,
    "pending": 0,
    "failures": 0,
    "start": "2020-09-22T07:00:46.732Z",
    "end": "2020-09-22T07:00:56.850Z",
    "duration": 10118,
    "testsRegistered": 1,
    "passPercent": 100,
    "pendingPercent": 0,
    "other": 0,
    "hasOther": false,
    "skipped": 0,
    "hasSkipped": false
  },
  "results": [
    {
      "uuid": "a0955e1d-0be0-4839-a2e2-67c148ef4c31",
      "title": "",
      "fullFile": "cypress/integration/D_12_Error_404_Page.js",
      "file": "cypress/integration/D_12_Error_404_Page.js",
      "beforeHooks": [],
      "afterHooks": [],
      "tests": [],
      "suites": [
        {
          "uuid": "2a601c90-b387-4263-8904-0cfac772bf6b",
          "title": "MOMCOM_D_12_Error_404_Page",
          "fullFile": "",
          "file": "",
          "beforeHooks": [],
          "afterHooks": [],
          "tests": [
            {
              "title": "Verify 404 error page is display for the incorrect links",
              "fullTitle": "MOMCOM_D_12_Error_404_Page Verify 404 error page is display for the incorrect links",
              "timedOut": null,
              "duration": 10025,
              "state": "passed",
              "speed": "slow",
              "pass": true,
              "fail": false,
              "pending": false,
              "context": null,
              "code": "// const XPATH_FOOTER_FB = '//a[@aria-label=\"Facebook\"]'\ncy.log('#2 Access a link that does not exist');\ncy.visit('/live');\ncy.log('-Verify It should redirect to 404 page.');\ncy.url().should('eq', Cypress.config().baseUrl + '/live');\ncy.log('#3 Click back to mom.com Homepage');\ncy.get('span').contains('Go home').parent().click();\ncy.log('-Verify It should redirect to homepage');\ncy.url().should('eq', Cypress.config().baseUrl + '/');",
              "err": {},
              "uuid": "60048da1-b8b4-4c1b-a2d9-95a1de6a3e71",
              "parentUUID": "2a601c90-b387-4263-8904-0cfac772bf6b",
              "isHook": false,
              "skipped": false
            }
          ],
          "suites": [],
          "passes": [
            "60048da1-b8b4-4c1b-a2d9-95a1de6a3e71"
          ],
          "failures": [],
          "pending": [],
          "skipped": [],
          "duration": 10025,
          "root": false,
          "rootEmpty": false,
          "_timeout": 2000
        }
      ],
      "passes": [],
      "failures": [],
      "pending": [],
      "skipped": [],
      "duration": 0,
      "root": true,
      "rootEmpty": true,
      "_timeout": 2000
    }
  ],
  "meta": {
    "mocha": {
      "version": "7.0.1"
    },
    "mochawesome": {
      "options": {
        "quiet": false,
        "reportFilename": "mochawesome",
        "saveHtml": false,
        "saveJson": true,
        "consoleReporter": "spec",
        "useInlineDiffs": false
      },
      "version": "4.1.0"
    },
    "marge": {
      "options": {
        "reportDir": "cypress/reports/mochawesome-report",
        "overwrite": false,
        "html": false,
        "json": true,
        "timestamp": "mmddyyyy_HHMMss"
      },
      "version": "4.1.0"
    }
  }
}