{
  "stats": {
    "suites": 1,
    "tests": 1,
    "passes": 1,
    "pending": 0,
    "failures": 0,
    "start": "2020-09-22T07:00:33.349Z",
    "end": "2020-09-22T07:00:43.738Z",
    "duration": 10389,
    "testsRegistered": 1,
    "passPercent": 100,
    "pendingPercent": 0,
    "other": 0,
    "hasOther": false,
    "skipped": 0,
    "hasSkipped": false
  },
  "results": [
    {
      "uuid": "09f64739-afd9-43e7-bf54-f0be0a9ecf4a",
      "title": "",
      "fullFile": "cypress/integration/D_11_FB_Share_Button.js",
      "file": "cypress/integration/D_11_FB_Share_Button.js",
      "beforeHooks": [],
      "afterHooks": [],
      "tests": [],
      "suites": [
        {
          "uuid": "5569ff70-4761-40c0-9ae1-20cc7dec2c7a",
          "title": "MOMCOM_D_11_FB_Share_Button",
          "fullFile": "",
          "file": "",
          "beforeHooks": [],
          "afterHooks": [],
          "tests": [
            {
              "title": "Verify FB share button",
              "fullTitle": "MOMCOM_D_11_FB_Share_Button Verify FB share button",
              "timedOut": null,
              "duration": 9964,
              "state": "passed",
              "speed": "slow",
              "pass": true,
              "fail": false,
              "pending": false,
              "context": null,
              "code": "var XPATH_FB_SHARE_BUTTON = '(//footer//button)[1]';\nvar facebookURL;\ncy.log('Verify URL of article');\ncy.visit(Cypress.config().baseUrl + ARTICLE_URL);\ncy.url().should('eq', Cypress.config().baseUrl + ARTICLE_URL);\ncy.log('#2 Scroll down to FB share button and verify a facebook button displays');\ncy.xpath(XPATH_FB_SHARE_BUTTON).scrollIntoView().should('be.visible'); // Declare function to get url that send to window.open\nvar winSetLocationHrefStub = function winSetLocationHrefStub(url) {\n  facebookURL = url;\n};\ncy.log('#3 Verify a new window should open(as a pop-up) with a correct url after clicking FB share button'); // Stub to verify the method \"open\" is called for window (window.open)\n// window.open will take the user to a new window as a pop-up\ncy.window().then(function (win) {\n  cy.stub(win, 'open', winSetLocationHrefStub).as('winPromptStubReturnNonNull');\n}); // Click on FB share button\ncy.xpath(XPATH_FB_SHARE_BUTTON).click(); // Verify the stub above is called after clicking on FB share button\ncy.get('@winPromptStubReturnNonNull').should('be.calledOnce').then(function () {\n  cy.wrap(facebookURL).should('contain', 'https://www.facebook.com/sharer/sharer.php?u=https%3A%2F%2Fmom.com%2F' + CATEGORY_REQUEST_URL + '%2F' + ARTICLE_REQUEST_URL);\n  cy.log('Result >> FB URL is correct after clicking FB share button');\n});",
              "err": {},
              "uuid": "25ed6a7b-99f8-495f-9342-adf9d73c0702",
              "parentUUID": "5569ff70-4761-40c0-9ae1-20cc7dec2c7a",
              "isHook": false,
              "skipped": false
            }
          ],
          "suites": [],
          "passes": [
            "25ed6a7b-99f8-495f-9342-adf9d73c0702"
          ],
          "failures": [],
          "pending": [],
          "skipped": [],
          "duration": 9964,
          "root": false,
          "rootEmpty": false,
          "_timeout": 2000
        }
      ],
      "passes": [],
      "failures": [],
      "pending": [],
      "skipped": [],
      "duration": 0,
      "root": true,
      "rootEmpty": true,
      "_timeout": 2000
    }
  ],
  "meta": {
    "mocha": {
      "version": "7.0.1"
    },
    "mochawesome": {
      "options": {
        "quiet": false,
        "reportFilename": "mochawesome",
        "saveHtml": false,
        "saveJson": true,
        "consoleReporter": "spec",
        "useInlineDiffs": false
      },
      "version": "4.1.0"
    },
    "marge": {
      "options": {
        "reportDir": "cypress/reports/mochawesome-report",
        "overwrite": false,
        "html": false,
        "json": true,
        "timestamp": "mmddyyyy_HHMMss"
      },
      "version": "4.1.0"
    }
  }
}