{
  "stats": {
    "suites": 1,
    "tests": 1,
    "passes": 0,
    "pending": 0,
    "failures": 1,
    "start": "2020-09-22T06:56:52.032Z",
    "end": "2020-09-22T06:58:15.180Z",
    "duration": 83148,
    "testsRegistered": 1,
    "passPercent": 0,
    "pendingPercent": 0,
    "other": 0,
    "hasOther": false,
    "skipped": 0,
    "hasSkipped": false
  },
  "results": [
    {
      "uuid": "2c863580-b56d-41e9-9e00-bd6813927043",
      "title": "",
      "fullFile": "cypress/integration/D_05_Category_Subcategory.js",
      "file": "cypress/integration/D_05_Category_Subcategory.js",
      "beforeHooks": [],
      "afterHooks": [],
      "tests": [],
      "suites": [
        {
          "uuid": "9e2d2ef9-fd56-4ade-b048-cbb6527a7ada",
          "title": "MOMCOM_D_05_Category_SubCategory",
          "fullFile": "",
          "file": "",
          "beforeHooks": [],
          "afterHooks": [],
          "tests": [
            {
              "title": "Verify Subcategories on nav bar and Sub Categories button in the Category Page",
              "fullTitle": "MOMCOM_D_05_Category_SubCategory Verify Subcategories on nav bar and Sub Categories button in the Category Page",
              "timedOut": null,
              "duration": 82412,
              "state": "failed",
              "speed": null,
              "pass": false,
              "fail": true,
              "pending": false,
              "context": "\"assets/D_05_Category_Subcategory.js/MOMCOM_D_05_Category_SubCategory -- Verify Subcategories on nav bar and Sub Categories button in the Category Page (failed).png\"",
              "code": "cy.request('https://graphql.contentful.com/content/v1/spaces/9l3tjzgyn9gr/environments/master?access_token=1wNApzdgTuDomDUVawIO9n5JaShP2Q2MwwI5oxtqT8c&query=query{categoryCollection{items{title,isPrimaryCategory,sys{id}}}}').then(function (response) {\n  cy.wrap(response.body.data.categoryCollection.items).each(function ($li, index) {\n    cy.log('This is category >> ' + $li.title);\n    cy.log('This is isPrimary >>>' + $li.isPrimaryCategory);\n    var cate_id = $li.sys.id;\n    if ($li.isPrimaryCategory === true) {\n      cy.log('This is Main Cate');\n      cy.request('https://mom.com/api/spaces/9l3tjzgyn9gr/environments/master/entries?access_token=1wNApzdgTuDomDUVawIO9n5JaShP2Q2MwwI5oxtqT8c&content_type=post&include=1&fields.mainCategory.sys.id=' + cate_id + '&sys.id[nin]=&order=-fields.publishDate&limit=10&skip=0&fields.publishDate[lte]=' + isoDate).then(function (response) {\n        cy.log(response);\n        cy.wrap(response.status).should('eq', 200);\n      });\n    } else {\n      cy.log('This is sub Cate');\n      cy.request('https://mom.com/api/spaces/9l3tjzgyn9gr/environments/master/entries?access_token=1wNApzdgTuDomDUVawIO9n5JaShP2Q2MwwI5oxtqT8c&content_type=post&include=1&fields.relatedCategories.sys.id=' + cate_id + '&sys.id[nin]=&order=-fields.publishDate&limit=10&skip=0&fields.publishDate[lte]=' + isoDate).then(function (response) {\n        cy.log(response);\n        cy.wrap(response.status).should('eq', 200);\n      });\n    }\n  });\n});\ncy.xpath(MAIN_CATE_NAV, {\n  timeout: 7000\n}).its('length').then(function (cateNum) {\n  var _loop = function _loop(i) {\n    if (i === 6 || i === 7) {\n      //This IF is to stop running when it runs to the last to tab in Navigation bar due to these two are the special one\n      return \"break\";\n    } else {\n      cy.log('#' + (i + 1) + ' Check set of Sub categories between on the Navigation bar and in the Main Category page');\n      cy.xpath(MAIN_CATE_NAV, {\n        timeout: 7000\n      }).eq(i).click().get(SUB_CATE_BUTT, {\n        timeout: 7000\n      }).invoke('text').then(function (subcatebutt) {\n        cy.log(subcatebutt);\n        cy.xpath(SUB_CATE_NAV).eq(i).invoke('text').then(function (Subcatelist) {\n          cy.log(Subcatelist);\n          expect(Subcatelist).to.eq(subcatebutt);\n        });\n      });\n    }\n    cy.xpath(SUB_CATE_NAV, {\n      timeout: 7000\n    }).eq(i).find('li').its('length').then(function (subNum) {\n      for (var j = 0; j < subNum; j++) {\n        cy.log('#' + (i + 1) + ' Verify that Sub category buttons are not displayed in the Sub Category page');\n        cy.xpath(MAIN_CATE_NAV, {\n          timeout: 7000\n        }).eq(i).trigger('mouseover').xpath(SUB_CATE_NAV, {\n          timeout: 7000\n        }).eq(i).find('li').eq(j).click().get('h1', {\n          timeout: 5000\n        });\n        cy.get(SUB_CATE_BUTT).should('not.exist');\n        cy.xpath(MAIN_CATE_NAV, {\n          timeout: 7000\n        }).eq(i).trigger('mouseout');\n      }\n    });\n    cy.log('*********************');\n  };\n  for (var i = 0; i < cateNum; i++) {\n    var _ret = _loop(i);\n    if (_ret === \"break\") break;\n  }\n});",
              "err": {
                "message": "AssertionError: expected 'InfertilityAdoption & SurrogacyHealth & DietSex' to equal 'InfertilityAdoption & SurrogacyPregnancy DietTrying to Conceive'",
                "estack": "AssertionError: expected 'InfertilityAdoption & SurrogacyHealth & DietSex' to equal 'InfertilityAdoption & SurrogacyPregnancy DietTrying to Conceive'\n    at Context.eval (https://mom.com/__cypress/tests?p=cypress/integration/D_05_Category_Subcategory.js:149:38)",
                "diff": "- 'InfertilityAdoption & SurrogacyHealth & DietSex'\n+ 'InfertilityAdoption & SurrogacyPregnancy DietTrying to Conceive'\n"
              },
              "uuid": "e78d2f43-4cff-4e72-a7a5-84a2f52c8f4f",
              "parentUUID": "9e2d2ef9-fd56-4ade-b048-cbb6527a7ada",
              "isHook": false,
              "skipped": false
            }
          ],
          "suites": [],
          "passes": [],
          "failures": [
            "e78d2f43-4cff-4e72-a7a5-84a2f52c8f4f"
          ],
          "pending": [],
          "skipped": [],
          "duration": 82412,
          "root": false,
          "rootEmpty": false,
          "_timeout": 2000
        }
      ],
      "passes": [],
      "failures": [],
      "pending": [],
      "skipped": [],
      "duration": 0,
      "root": true,
      "rootEmpty": true,
      "_timeout": 2000
    }
  ],
  "meta": {
    "mocha": {
      "version": "7.0.1"
    },
    "mochawesome": {
      "options": {
        "quiet": false,
        "reportFilename": "mochawesome",
        "saveHtml": false,
        "saveJson": true,
        "consoleReporter": "spec",
        "useInlineDiffs": false
      },
      "version": "4.1.0"
    },
    "marge": {
      "options": {
        "reportDir": "cypress/reports/mochawesome-report",
        "overwrite": false,
        "html": false,
        "json": true,
        "timestamp": "mmddyyyy_HHMMss"
      },
      "version": "4.1.0"
    }
  }
}